<?xml version="1.0" encoding="UTF-8"?>
<testng-results ignored="0" total="1" passed="1" failed="0" skipped="0">
  <reporter-output>
  </reporter-output>
  <suite started-at="2021-10-18T16:31:50 ART" name="Suite" finished-at="2021-10-18T16:32:09 ART" duration-ms="18740">
    <groups>
    </groups>
    <test started-at="2021-10-18T16:31:50 ART" name="Mercado-libre-Test" finished-at="2021-10-18T16:32:09 ART" duration-ms="18740">
      <class name="challenge.MercadoLibreTest">
        <test-method is-config="true" signature="beforeClass()[pri:0, instance:challenge.MercadoLibreTest@783a467b]" started-at="2021-10-18T16:31:50 ART" name="beforeClass" finished-at="2021-10-18T16:32:05 ART" duration-ms="15404" status="PASS">
          <reporter-output>
          </reporter-output>
        </test-method> <!-- beforeClass -->
        <test-method signature="search10ItemMercadoLibre()[pri:0, instance:challenge.MercadoLibreTest@783a467b]" started-at="2021-10-18T16:32:05 ART" name="search10ItemMercadoLibre" finished-at="2021-10-18T16:32:09 ART" duration-ms="3158" status="PASS">
          <reporter-output>
          </reporter-output>
        </test-method> <!-- search10ItemMercadoLibre -->
        <test-method is-config="true" signature="afterClass()[pri:0, instance:challenge.MercadoLibreTest@783a467b]" started-at="2021-10-18T16:32:09 ART" name="afterClass" finished-at="2021-10-18T16:32:09 ART" duration-ms="143" status="PASS">
          <reporter-output>
          </reporter-output>
        </test-method> <!-- afterClass -->
      </class> <!-- challenge.MercadoLibreTest -->
    </test> <!-- Mercado-libre-Test -->
  </suite> <!-- Suite -->
</testng-results>
