<?xml version="1.0" encoding="UTF-8"?>
<testng-results ignored="0" total="2" passed="2" failed="0" skipped="0">
  <reporter-output>
  </reporter-output>
  <suite started-at="2021-10-18T18:21:46 ART" name="Suite" finished-at="2021-10-18T18:22:08 ART" duration-ms="21346">
    <groups>
    </groups>
    <test started-at="2021-10-18T18:21:46 ART" name="Mercado-libre-Test" finished-at="2021-10-18T18:22:01 ART" duration-ms="14275">
      <class name="challenge.MercadoLibreTest">
        <test-method is-config="true" signature="beforeClass()[pri:0, instance:challenge.MercadoLibreTest@783a467b]" started-at="2021-10-18T18:21:46 ART" name="beforeClass" finished-at="2021-10-18T18:21:57 ART" duration-ms="10716" status="PASS">
          <reporter-output>
          </reporter-output>
        </test-method> <!-- beforeClass -->
        <test-method signature="search10ItemMercadoLibre()[pri:0, instance:challenge.MercadoLibreTest@783a467b]" started-at="2021-10-18T18:21:57 ART" name="search10ItemMercadoLibre" finished-at="2021-10-18T18:22:00 ART" duration-ms="3362" status="PASS">
          <reporter-output>
          </reporter-output>
        </test-method> <!-- search10ItemMercadoLibre -->
        <test-method is-config="true" signature="afterClass()[pri:0, instance:challenge.MercadoLibreTest@783a467b]" started-at="2021-10-18T18:22:00 ART" name="afterClass" finished-at="2021-10-18T18:22:01 ART" duration-ms="168" status="PASS">
          <reporter-output>
          </reporter-output>
        </test-method> <!-- afterClass -->
      </class> <!-- challenge.MercadoLibreTest -->
    </test> <!-- Mercado-libre-Test -->
    <test started-at="2021-10-18T18:22:01 ART" name="Ebay-Test" finished-at="2021-10-18T18:22:08 ART" duration-ms="7022">
      <class name="challenge.EbayTest">
        <test-method is-config="true" signature="beforeClass()[pri:0, instance:challenge.EbayTest@2ddc9a9f]" started-at="2021-10-18T18:22:01 ART" name="beforeClass" finished-at="2021-10-18T18:22:03 ART" duration-ms="2621" status="PASS">
          <reporter-output>
          </reporter-output>
        </test-method> <!-- beforeClass -->
        <test-method signature="search10ItemEbay()[pri:0, instance:challenge.EbayTest@2ddc9a9f]" started-at="2021-10-18T18:22:03 ART" name="search10ItemEbay" finished-at="2021-10-18T18:22:08 ART" duration-ms="4211" status="PASS">
          <reporter-output>
          </reporter-output>
        </test-method> <!-- search10ItemEbay -->
        <test-method is-config="true" signature="afterClass()[pri:0, instance:challenge.EbayTest@2ddc9a9f]" started-at="2021-10-18T18:22:08 ART" name="afterClass" finished-at="2021-10-18T18:22:08 ART" duration-ms="186" status="PASS">
          <reporter-output>
          </reporter-output>
        </test-method> <!-- afterClass -->
      </class> <!-- challenge.EbayTest -->
    </test> <!-- Ebay-Test -->
  </suite> <!-- Suite -->
</testng-results>
